<?xml version="1.0" encoding="utf-8" standalone="no"?>
<!--This file represents the results of running a test suite-->
<test-results name="C:\Users\Gyarill\Desktop\Systemy Inteligentnych Agentow\SnowFlake\snowflake-agent\CrystalTests.nunit" total="7" errors="0" failures="1" not-run="0" inconclusive="0" ignored="0" skipped="0" invalid="0" date="2011-06-21" time="15:56:30">
  <environment nunit-version="2.5.9.10348" clr-version="2.0.50727.4961" os-version="Microsoft Windows NT 6.1.7600.0" platform="Win32NT" cwd="C:\Program Files (x86)\NUnit 2.5.9\bin\net-2.0" machine-name="HIKKAP" user="Gyarill" user-domain="Hikkap" />
  <culture-info current-culture="pl-PL" current-uiculture="en-US" />
  <test-suite type="Project" name="C:\Users\Gyarill\Desktop\Systemy Inteligentnych Agentow\SnowFlake\snowflake-agent\CrystalTests.nunit" executed="True" result="Failure" success="False" time="0.124" asserts="0">
    <results>
      <test-suite type="Assembly" name="C:\Users\Gyarill\Desktop\Systemy Inteligentnych Agentow\SnowFlake\snowflake-agent\CrystalsTests\bin\Debug\CrystalsTests.dll" executed="True" result="Failure" success="False" time="0.114" asserts="0">
        <results>
          <test-suite type="Namespace" name="CrystalsTests" executed="True" result="Failure" success="False" time="0.113" asserts="0">
            <results>
              <test-suite type="TestFixture" name="IntersectionsTests" executed="True" result="Failure" success="False" time="0.058" asserts="0">
                <results>
                  <test-case name="CrystalsTests.IntersectionsTests.CircleAndSegmentIntersectionsTest" executed="True" result="Failure" success="False" time="0.051" asserts="7">
                    <failure>
                      <message><![CDATA[  Expected: 1
  But was:  0
]]></message>
                      <stack-trace><![CDATA[at CrystalsTests.IntersectionsTests.CircleAndSegmentIntersectionsTest() in C:\Users\Gyarill\Desktop\Systemy Inteligentnych Agentow\SnowFlake\snowflake-agent\CrystalsTests\IntersectionsTests.cs:line 39
]]></stack-trace>
                    </failure>
                  </test-case>
                </results>
              </test-suite>
              <test-suite type="TestFixture" name="MoleculeTests" executed="True" result="Success" success="True" time="0.016" asserts="0">
                <results>
                  <test-case name="CrystalsTests.MoleculeTests.BoundPositionTest" executed="True" result="Success" success="True" time="0.007" asserts="12" />
                  <test-case name="CrystalsTests.MoleculeTests.FreeBoundTest" executed="True" result="Success" success="True" time="0.001" asserts="1" />
                  <test-case name="CrystalsTests.MoleculeTests.TryToAttachDefinitelyTest" executed="True" result="Success" success="True" time="0.003" asserts="29" />
                </results>
              </test-suite>
              <test-suite type="TestFixture" name="PositionTests" executed="True" result="Success" success="True" time="0.006" asserts="0">
                <results>
                  <test-case name="CrystalsTests.PositionTests.PointOfAngleTest" executed="True" result="Success" success="True" time="0.000" asserts="2" />
                  <test-case name="CrystalsTests.PositionTests.PointOnBorderOfTetrahedronPartTest" executed="True" result="Success" success="True" time="0.001" asserts="4" />
                  <test-case name="CrystalsTests.PositionTests.TetrahedronPartTest" executed="True" result="Success" success="True" time="0.000" asserts="3" />
                </results>
              </test-suite>
            </results>
          </test-suite>
        </results>
      </test-suite>
    </results>
  </test-suite>
</test-results>