<?xml version="1.0" encoding="utf-8" standalone="no"?>
<!--This file represents the results of running a test suite-->
<test-results name="C:\Users\Gyarill\Desktop\Systemy Inteligentnych Agentow\SnowFlake\snowflake-agent\CrystalTests.nunit" total="5" errors="0" failures="1" not-run="0" inconclusive="0" ignored="0" skipped="0" invalid="0" date="2011-06-18" time="14:59:02">
  <environment nunit-version="2.5.9.10348" clr-version="2.0.50727.4959" os-version="Microsoft Windows NT 6.1.7600.0" platform="Win32NT" cwd="C:\Program Files (x86)\NUnit 2.5.9\bin\net-2.0" machine-name="HIKKAP" user="Gyarill" user-domain="Hikkap" />
  <culture-info current-culture="pl-PL" current-uiculture="en-US" />
  <test-suite type="Project" name="C:\Users\Gyarill\Desktop\Systemy Inteligentnych Agentow\SnowFlake\snowflake-agent\CrystalTests.nunit" executed="True" result="Failure" success="False" time="0.069" asserts="0">
    <results>
      <test-suite type="Assembly" name="C:\Users\Gyarill\Desktop\Systemy Inteligentnych Agentow\SnowFlake\snowflake-agent\CrystalsTests\bin\Debug\CrystalsTests.dll" executed="True" result="Failure" success="False" time="0.066" asserts="0">
        <results>
          <test-suite type="Namespace" name="CrystalsTests" executed="True" result="Failure" success="False" time="0.064" asserts="0">
            <results>
              <test-suite type="TestFixture" name="MoleculeTests" executed="True" result="Failure" success="False" time="0.009" asserts="0">
                <results>
                  <test-case name="CrystalsTests.MoleculeTests.FreeBoundTest" executed="True" result="Success" success="True" time="0.001" asserts="1" />
                  <test-case name="CrystalsTests.MoleculeTests.TryToAttachDefinitely" executed="True" result="Failure" success="False" time="0.002" asserts="5">
                    <failure>
                      <message><![CDATA[  Expected: -3,37749907475931 Actual:3,37749907475931
  Expected: less than 9.9999999999999994E-12d
  But was:  6.7549981495186202d
]]></message>
                      <stack-trace><![CDATA[at CrystalsTests.AssertExtensions.AreAlmostEqual(Double expected, Double actual) in C:\Users\Gyarill\Desktop\Systemy Inteligentnych Agentow\SnowFlake\snowflake-agent\CrystalsTests\Assert.cs:line 15
at CrystalsTests.MoleculeTests.TryToAttachDefinitely() in C:\Users\Gyarill\Desktop\Systemy Inteligentnych Agentow\SnowFlake\snowflake-agent\CrystalsTests\MoleculeTests.cs:line 55
]]></stack-trace>
                    </failure>
                  </test-case>
                </results>
              </test-suite>
              <test-suite type="TestFixture" name="PositionTests" executed="True" result="Success" success="True" time="0.008" asserts="0">
                <results>
                  <test-case name="CrystalsTests.PositionTests.PointOfAngleTest" executed="True" result="Success" success="True" time="0.001" asserts="2" />
                  <test-case name="CrystalsTests.PositionTests.PointOnBorderOfTetrahedronPartTest" executed="True" result="Success" success="True" time="0.001" asserts="4" />
                  <test-case name="CrystalsTests.PositionTests.TetrahedronPartTest" executed="True" result="Success" success="True" time="0.000" asserts="3" />
                </results>
              </test-suite>
            </results>
          </test-suite>
        </results>
      </test-suite>
    </results>
  </test-suite>
</test-results>